[2016-09-15 03:55:51] production.ERROR: exception 'RuntimeException' with message 'No supported encrypter found. The cipher and / or key length are invalid.' in C:\Users\Administrator\Documents\QuadCode\vendor\laravel\framework\src\Illuminate\Encryption\EncryptionServiceProvider.php:29
Stack trace:
#0 C:\Users\Administrator\Documents\QuadCode\vendor\laravel\framework\src\Illuminate\Container\Container.php(733): Illuminate\Encryption\EncryptionServiceProvider->Illuminate\Encryption\{closure}(Object(Illuminate\Foundation\Application), Array)
#1 C:\Users\Administrator\Documents\QuadCode\vendor\laravel\framework\src\Illuminate\Container\Container.php(626): Illuminate\Container\Container->build(Object(Closure), Array)
#2 C:\Users\Administrator\Documents\QuadCode\vendor\laravel\framework\src\Illuminate\Foundation\Application.php(674): Illuminate\Container\Container->make('encrypter', Array)
#3 C:\Users\Administrator\Documents\QuadCode\vendor\laravel\framework\src\Illuminate\Container\Container.php(837): Illuminate\Foundation\Application->make('Illuminate\\Cont...')
#4 C:\Users\Administrator\Documents\QuadCode\vendor\laravel\framework\src\Illuminate\Container\Container.php(800): Illuminate\Container\Container->resolveClass(Object(ReflectionParameter))
#5 C:\Users\Administrator\Documents\QuadCode\vendor\laravel\framework\src\Illuminate\Container\Container.php(771): Illuminate\Container\Container->getDependencies(Array, Array)
#6 C:\Users\Administrator\Documents\QuadCode\vendor\laravel\framework\src\Illuminate\Container\Container.php(626): Illuminate\Container\Container->build('App\\Http\\Middle...', Array)
#7 C:\Users\Administrator\Documents\QuadCode\vendor\laravel\framework\src\Illuminate\Foundation\Application.php(674): Illuminate\Container\Container->make('App\\Http\\Middle...', Array)
#8 C:\Users\Administrator\Documents\QuadCode\vendor\laravel\framework\src\Illuminate\Pipeline\Pipeline.php(123): Illuminate\Foundation\Application->make('App\\Http\\Middle...')
#9 C:\Users\Administrator\Documents\QuadCode\vendor\laravel\framework\src\Illuminate\Foundation\Http\Middleware\CheckForMaintenanceMode.php(42): Illuminate\Pipeline\Pipeline->Illuminate\Pipeline\{closure}(Object(Illuminate\Http\Request))
#10 [internal function]: Illuminate\Foundation\Http\Middleware\CheckForMaintenanceMode->handle(Object(Illuminate\Http\Request), Object(Closure))
#11 C:\Users\Administrator\Documents\QuadCode\vendor\laravel\framework\src\Illuminate\Pipeline\Pipeline.php(124): call_user_func_array(Array, Array)
#12 [internal function]: Illuminate\Pipeline\Pipeline->Illuminate\Pipeline\{closure}(Object(Illuminate\Http\Request))
#13 C:\Users\Administrator\Documents\QuadCode\vendor\laravel\framework\src\Illuminate\Pipeline\Pipeline.php(103): call_user_func(Object(Closure), Object(Illuminate\Http\Request))
#14 C:\Users\Administrator\Documents\QuadCode\vendor\laravel\framework\src\Illuminate\Foundation\Http\Kernel.php(122): Illuminate\Pipeline\Pipeline->then(Object(Closure))
#15 C:\Users\Administrator\Documents\QuadCode\vendor\laravel\framework\src\Illuminate\Foundation\Http\Kernel.php(87): Illuminate\Foundation\Http\Kernel->sendRequestThroughRouter(Object(Illuminate\Http\Request))
#16 C:\Users\Administrator\Documents\QuadCode\public\index.php(54): Illuminate\Foundation\Http\Kernel->handle(Object(Illuminate\Http\Request))
#17 C:\Users\Administrator\Documents\QuadCode\server.php(21): require_once('C:\\Users\\Admini...')
#18 {main}  
[2016-09-15 03:55:52] production.ERROR: exception 'RuntimeException' with message 'No supported encrypter found. The cipher and / or key length are invalid.' in C:\Users\Administrator\Documents\QuadCode\vendor\laravel\framework\src\Illuminate\Encryption\EncryptionServiceProvider.php:29
Stack trace:
#0 C:\Users\Administrator\Documents\QuadCode\vendor\laravel\framework\src\Illuminate\Container\Container.php(733): Illuminate\Encryption\EncryptionServiceProvider->Illuminate\Encryption\{closure}(Object(Illuminate\Foundation\Application), Array)
#1 C:\Users\Administrator\Documents\QuadCode\vendor\laravel\framework\src\Illuminate\Container\Container.php(626): Illuminate\Container\Container->build(Object(Closure), Array)
#2 C:\Users\Administrator\Documents\QuadCode\vendor\laravel\framework\src\Illuminate\Foundation\Application.php(674): Illuminate\Container\Container->make('encrypter', Array)
#3 C:\Users\Administrator\Documents\QuadCode\vendor\laravel\framework\src\Illuminate\Container\Container.php(837): Illuminate\Foundation\Application->make('Illuminate\\Cont...')
#4 C:\Users\Administrator\Documents\QuadCode\vendor\laravel\framework\src\Illuminate\Container\Container.php(800): Illuminate\Container\Container->resolveClass(Object(ReflectionParameter))
#5 C:\Users\Administrator\Documents\QuadCode\vendor\laravel\framework\src\Illuminate\Container\Container.php(771): Illuminate\Container\Container->getDependencies(Array, Array)
#6 C:\Users\Administrator\Documents\QuadCode\vendor\laravel\framework\src\Illuminate\Container\Container.php(626): Illuminate\Container\Container->build('App\\Http\\Middle...', Array)
#7 C:\Users\Administrator\Documents\QuadCode\vendor\laravel\framework\src\Illuminate\Foundation\Application.php(674): Illuminate\Container\Container->make('App\\Http\\Middle...', Array)
#8 C:\Users\Administrator\Documents\QuadCode\vendor\laravel\framework\src\Illuminate\Foundation\Http\Kernel.php(142): Illuminate\Foundation\Application->make('App\\Http\\Middle...')
#9 C:\Users\Administrator\Documents\QuadCode\public\index.php(58): Illuminate\Foundation\Http\Kernel->terminate(Object(Illuminate\Http\Request), Object(Illuminate\Http\Response))
#10 C:\Users\Administrator\Documents\QuadCode\server.php(21): require_once('C:\\Users\\Admini...')
#11 {main}  
[2016-09-15 03:59:56] production.ERROR: exception 'RuntimeException' with message 'No supported encrypter found. The cipher and / or key length are invalid.' in C:\Users\Administrator\Documents\QuadCode\vendor\laravel\framework\src\Illuminate\Encryption\EncryptionServiceProvider.php:29
Stack trace:
#0 C:\Users\Administrator\Documents\QuadCode\vendor\laravel\framework\src\Illuminate\Container\Container.php(733): Illuminate\Encryption\EncryptionServiceProvider->Illuminate\Encryption\{closure}(Object(Illuminate\Foundation\Application), Array)
#1 C:\Users\Administrator\Documents\QuadCode\vendor\laravel\framework\src\Illuminate\Container\Container.php(626): Illuminate\Container\Container->build(Object(Closure), Array)
#2 C:\Users\Administrator\Documents\QuadCode\vendor\laravel\framework\src\Illuminate\Foundation\Application.php(674): Illuminate\Container\Container->make('encrypter', Array)
#3 C:\Users\Administrator\Documents\QuadCode\vendor\laravel\framework\src\Illuminate\Container\Container.php(837): Illuminate\Foundation\Application->make('Illuminate\\Cont...')
#4 C:\Users\Administrator\Documents\QuadCode\vendor\laravel\framework\src\Illuminate\Container\Container.php(800): Illuminate\Container\Container->resolveClass(Object(ReflectionParameter))
#5 C:\Users\Administrator\Documents\QuadCode\vendor\laravel\framework\src\Illuminate\Container\Container.php(771): Illuminate\Container\Container->getDependencies(Array, Array)
#6 C:\Users\Administrator\Documents\QuadCode\vendor\laravel\framework\src\Illuminate\Container\Container.php(626): Illuminate\Container\Container->build('App\\Http\\Middle...', Array)
#7 C:\Users\Administrator\Documents\QuadCode\vendor\laravel\framework\src\Illuminate\Foundation\Application.php(674): Illuminate\Container\Container->make('App\\Http\\Middle...', Array)
#8 C:\Users\Administrator\Documents\QuadCode\vendor\laravel\framework\src\Illuminate\Pipeline\Pipeline.php(123): Illuminate\Foundation\Application->make('App\\Http\\Middle...')
#9 C:\Users\Administrator\Documents\QuadCode\vendor\laravel\framework\src\Illuminate\Foundation\Http\Middleware\CheckForMaintenanceMode.php(42): Illuminate\Pipeline\Pipeline->Illuminate\Pipeline\{closure}(Object(Illuminate\Http\Request))
#10 [internal function]: Illuminate\Foundation\Http\Middleware\CheckForMaintenanceMode->handle(Object(Illuminate\Http\Request), Object(Closure))
#11 C:\Users\Administrator\Documents\QuadCode\vendor\laravel\framework\src\Illuminate\Pipeline\Pipeline.php(124): call_user_func_array(Array, Array)
#12 [internal function]: Illuminate\Pipeline\Pipeline->Illuminate\Pipeline\{closure}(Object(Illuminate\Http\Request))
#13 C:\Users\Administrator\Documents\QuadCode\vendor\laravel\framework\src\Illuminate\Pipeline\Pipeline.php(103): call_user_func(Object(Closure), Object(Illuminate\Http\Request))
#14 C:\Users\Administrator\Documents\QuadCode\vendor\laravel\framework\src\Illuminate\Foundation\Http\Kernel.php(122): Illuminate\Pipeline\Pipeline->then(Object(Closure))
#15 C:\Users\Administrator\Documents\QuadCode\vendor\laravel\framework\src\Illuminate\Foundation\Http\Kernel.php(87): Illuminate\Foundation\Http\Kernel->sendRequestThroughRouter(Object(Illuminate\Http\Request))
#16 C:\Users\Administrator\Documents\QuadCode\public\index.php(54): Illuminate\Foundation\Http\Kernel->handle(Object(Illuminate\Http\Request))
#17 C:\Users\Administrator\Documents\QuadCode\server.php(21): require_once('C:\\Users\\Admini...')
#18 {main}  
[2016-09-15 03:59:56] production.ERROR: exception 'RuntimeException' with message 'No supported encrypter found. The cipher and / or key length are invalid.' in C:\Users\Administrator\Documents\QuadCode\vendor\laravel\framework\src\Illuminate\Encryption\EncryptionServiceProvider.php:29
Stack trace:
#0 C:\Users\Administrator\Documents\QuadCode\vendor\laravel\framework\src\Illuminate\Container\Container.php(733): Illuminate\Encryption\EncryptionServiceProvider->Illuminate\Encryption\{closure}(Object(Illuminate\Foundation\Application), Array)
#1 C:\Users\Administrator\Documents\QuadCode\vendor\laravel\framework\src\Illuminate\Container\Container.php(626): Illuminate\Container\Container->build(Object(Closure), Array)
#2 C:\Users\Administrator\Documents\QuadCode\vendor\laravel\framework\src\Illuminate\Foundation\Application.php(674): Illuminate\Container\Container->make('encrypter', Array)
#3 C:\Users\Administrator\Documents\QuadCode\vendor\laravel\framework\src\Illuminate\Container\Container.php(837): Illuminate\Foundation\Application->make('Illuminate\\Cont...')
#4 C:\Users\Administrator\Documents\QuadCode\vendor\laravel\framework\src\Illuminate\Container\Container.php(800): Illuminate\Container\Container->resolveClass(Object(ReflectionParameter))
#5 C:\Users\Administrator\Documents\QuadCode\vendor\laravel\framework\src\Illuminate\Container\Container.php(771): Illuminate\Container\Container->getDependencies(Array, Array)
#6 C:\Users\Administrator\Documents\QuadCode\vendor\laravel\framework\src\Illuminate\Container\Container.php(626): Illuminate\Container\Container->build('App\\Http\\Middle...', Array)
#7 C:\Users\Administrator\Documents\QuadCode\vendor\laravel\framework\src\Illuminate\Foundation\Application.php(674): Illuminate\Container\Container->make('App\\Http\\Middle...', Array)
#8 C:\Users\Administrator\Documents\QuadCode\vendor\laravel\framework\src\Illuminate\Foundation\Http\Kernel.php(142): Illuminate\Foundation\Application->make('App\\Http\\Middle...')
#9 C:\Users\Administrator\Documents\QuadCode\public\index.php(58): Illuminate\Foundation\Http\Kernel->terminate(Object(Illuminate\Http\Request), Object(Illuminate\Http\Response))
#10 C:\Users\Administrator\Documents\QuadCode\server.php(21): require_once('C:\\Users\\Admini...')
#11 {main}  
[2016-09-15 04:01:36] local.ERROR: exception 'RuntimeException' with message 'No supported encrypter found. The cipher and / or key length are invalid.' in C:\Users\Administrator\Documents\QuadCode\vendor\laravel\framework\src\Illuminate\Encryption\EncryptionServiceProvider.php:29
Stack trace:
#0 C:\Users\Administrator\Documents\QuadCode\vendor\laravel\framework\src\Illuminate\Container\Container.php(733): Illuminate\Encryption\EncryptionServiceProvider->Illuminate\Encryption\{closure}(Object(Illuminate\Foundation\Application), Array)
#1 C:\Users\Administrator\Documents\QuadCode\vendor\laravel\framework\src\Illuminate\Container\Container.php(626): Illuminate\Container\Container->build(Object(Closure), Array)
#2 C:\Users\Administrator\Documents\QuadCode\vendor\laravel\framework\src\Illuminate\Foundation\Application.php(674): Illuminate\Container\Container->make('encrypter', Array)
#3 C:\Users\Administrator\Documents\QuadCode\vendor\laravel\framework\src\Illuminate\Container\Container.php(837): Illuminate\Foundation\Application->make('Illuminate\\Cont...')
#4 C:\Users\Administrator\Documents\QuadCode\vendor\laravel\framework\src\Illuminate\Container\Container.php(800): Illuminate\Container\Container->resolveClass(Object(ReflectionParameter))
#5 C:\Users\Administrator\Documents\QuadCode\vendor\laravel\framework\src\Illuminate\Container\Container.php(771): Illuminate\Container\Container->getDependencies(Array, Array)
#6 C:\Users\Administrator\Documents\QuadCode\vendor\laravel\framework\src\Illuminate\Container\Container.php(626): Illuminate\Container\Container->build('App\\Http\\Middle...', Array)
#7 C:\Users\Administrator\Documents\QuadCode\vendor\laravel\framework\src\Illuminate\Foundation\Application.php(674): Illuminate\Container\Container->make('App\\Http\\Middle...', Array)
#8 C:\Users\Administrator\Documents\QuadCode\vendor\laravel\framework\src\Illuminate\Pipeline\Pipeline.php(123): Illuminate\Foundation\Application->make('App\\Http\\Middle...')
#9 C:\Users\Administrator\Documents\QuadCode\vendor\laravel\framework\src\Illuminate\Foundation\Http\Middleware\CheckForMaintenanceMode.php(42): Illuminate\Pipeline\Pipeline->Illuminate\Pipeline\{closure}(Object(Illuminate\Http\Request))
#10 [internal function]: Illuminate\Foundation\Http\Middleware\CheckForMaintenanceMode->handle(Object(Illuminate\Http\Request), Object(Closure))
#11 C:\Users\Administrator\Documents\QuadCode\vendor\laravel\framework\src\Illuminate\Pipeline\Pipeline.php(124): call_user_func_array(Array, Array)
#12 [internal function]: Illuminate\Pipeline\Pipeline->Illuminate\Pipeline\{closure}(Object(Illuminate\Http\Request))
#13 C:\Users\Administrator\Documents\QuadCode\vendor\laravel\framework\src\Illuminate\Pipeline\Pipeline.php(103): call_user_func(Object(Closure), Object(Illuminate\Http\Request))
#14 C:\Users\Administrator\Documents\QuadCode\vendor\laravel\framework\src\Illuminate\Foundation\Http\Kernel.php(122): Illuminate\Pipeline\Pipeline->then(Object(Closure))
#15 C:\Users\Administrator\Documents\QuadCode\vendor\laravel\framework\src\Illuminate\Foundation\Http\Kernel.php(87): Illuminate\Foundation\Http\Kernel->sendRequestThroughRouter(Object(Illuminate\Http\Request))
#16 C:\Users\Administrator\Documents\QuadCode\public\index.php(54): Illuminate\Foundation\Http\Kernel->handle(Object(Illuminate\Http\Request))
#17 C:\Users\Administrator\Documents\QuadCode\server.php(21): require_once('C:\\Users\\Admini...')
#18 {main}  
[2016-09-15 04:01:36] local.ERROR: exception 'RuntimeException' with message 'No supported encrypter found. The cipher and / or key length are invalid.' in C:\Users\Administrator\Documents\QuadCode\vendor\laravel\framework\src\Illuminate\Encryption\EncryptionServiceProvider.php:29
Stack trace:
#0 C:\Users\Administrator\Documents\QuadCode\vendor\laravel\framework\src\Illuminate\Container\Container.php(733): Illuminate\Encryption\EncryptionServiceProvider->Illuminate\Encryption\{closure}(Object(Illuminate\Foundation\Application), Array)
#1 C:\Users\Administrator\Documents\QuadCode\vendor\laravel\framework\src\Illuminate\Container\Container.php(626): Illuminate\Container\Container->build(Object(Closure), Array)
#2 C:\Users\Administrator\Documents\QuadCode\vendor\laravel\framework\src\Illuminate\Foundation\Application.php(674): Illuminate\Container\Container->make('encrypter', Array)
#3 C:\Users\Administrator\Documents\QuadCode\vendor\laravel\framework\src\Illuminate\Container\Container.php(837): Illuminate\Foundation\Application->make('Illuminate\\Cont...')
#4 C:\Users\Administrator\Documents\QuadCode\vendor\laravel\framework\src\Illuminate\Container\Container.php(800): Illuminate\Container\Container->resolveClass(Object(ReflectionParameter))
#5 C:\Users\Administrator\Documents\QuadCode\vendor\laravel\framework\src\Illuminate\Container\Container.php(771): Illuminate\Container\Container->getDependencies(Array, Array)
#6 C:\Users\Administrator\Documents\QuadCode\vendor\laravel\framework\src\Illuminate\Container\Container.php(626): Illuminate\Container\Container->build('App\\Http\\Middle...', Array)
#7 C:\Users\Administrator\Documents\QuadCode\vendor\laravel\framework\src\Illuminate\Foundation\Application.php(674): Illuminate\Container\Container->make('App\\Http\\Middle...', Array)
#8 C:\Users\Administrator\Documents\QuadCode\vendor\laravel\framework\src\Illuminate\Foundation\Http\Kernel.php(142): Illuminate\Foundation\Application->make('App\\Http\\Middle...')
#9 C:\Users\Administrator\Documents\QuadCode\public\index.php(58): Illuminate\Foundation\Http\Kernel->terminate(Object(Illuminate\Http\Request), Object(Illuminate\Http\Response))
#10 C:\Users\Administrator\Documents\QuadCode\server.php(21): require_once('C:\\Users\\Admini...')
#11 {main}  
[2016-09-15 04:04:50] local.ERROR: exception 'RuntimeException' with message 'No supported encrypter found. The cipher and / or key length are invalid.' in C:\Users\Administrator\Documents\QuadCode\vendor\laravel\framework\src\Illuminate\Encryption\EncryptionServiceProvider.php:29
Stack trace:
#0 C:\Users\Administrator\Documents\QuadCode\vendor\laravel\framework\src\Illuminate\Container\Container.php(733): Illuminate\Encryption\EncryptionServiceProvider->Illuminate\Encryption\{closure}(Object(Illuminate\Foundation\Application), Array)
#1 C:\Users\Administrator\Documents\QuadCode\vendor\laravel\framework\src\Illuminate\Container\Container.php(626): Illuminate\Container\Container->build(Object(Closure), Array)
#2 C:\Users\Administrator\Documents\QuadCode\vendor\laravel\framework\src\Illuminate\Foundation\Application.php(674): Illuminate\Container\Container->make('encrypter', Array)
#3 C:\Users\Administrator\Documents\QuadCode\vendor\laravel\framework\src\Illuminate\Container\Container.php(837): Illuminate\Foundation\Application->make('Illuminate\\Cont...')
#4 C:\Users\Administrator\Documents\QuadCode\vendor\laravel\framework\src\Illuminate\Container\Container.php(800): Illuminate\Container\Container->resolveClass(Object(ReflectionParameter))
#5 C:\Users\Administrator\Documents\QuadCode\vendor\laravel\framework\src\Illuminate\Container\Container.php(771): Illuminate\Container\Container->getDependencies(Array, Array)
#6 C:\Users\Administrator\Documents\QuadCode\vendor\laravel\framework\src\Illuminate\Container\Container.php(626): Illuminate\Container\Container->build('App\\Http\\Middle...', Array)
#7 C:\Users\Administrator\Documents\QuadCode\vendor\laravel\framework\src\Illuminate\Foundation\Application.php(674): Illuminate\Container\Container->make('App\\Http\\Middle...', Array)
#8 C:\Users\Administrator\Documents\QuadCode\vendor\laravel\framework\src\Illuminate\Pipeline\Pipeline.php(123): Illuminate\Foundation\Application->make('App\\Http\\Middle...')
#9 C:\Users\Administrator\Documents\QuadCode\vendor\laravel\framework\src\Illuminate\Foundation\Http\Middleware\CheckForMaintenanceMode.php(42): Illuminate\Pipeline\Pipeline->Illuminate\Pipeline\{closure}(Object(Illuminate\Http\Request))
#10 [internal function]: Illuminate\Foundation\Http\Middleware\CheckForMaintenanceMode->handle(Object(Illuminate\Http\Request), Object(Closure))
#11 C:\Users\Administrator\Documents\QuadCode\vendor\laravel\framework\src\Illuminate\Pipeline\Pipeline.php(124): call_user_func_array(Array, Array)
#12 [internal function]: Illuminate\Pipeline\Pipeline->Illuminate\Pipeline\{closure}(Object(Illuminate\Http\Request))
#13 C:\Users\Administrator\Documents\QuadCode\vendor\laravel\framework\src\Illuminate\Pipeline\Pipeline.php(103): call_user_func(Object(Closure), Object(Illuminate\Http\Request))
#14 C:\Users\Administrator\Documents\QuadCode\vendor\laravel\framework\src\Illuminate\Foundation\Http\Kernel.php(122): Illuminate\Pipeline\Pipeline->then(Object(Closure))
#15 C:\Users\Administrator\Documents\QuadCode\vendor\laravel\framework\src\Illuminate\Foundation\Http\Kernel.php(87): Illuminate\Foundation\Http\Kernel->sendRequestThroughRouter(Object(Illuminate\Http\Request))
#16 C:\Users\Administrator\Documents\QuadCode\public\index.php(54): Illuminate\Foundation\Http\Kernel->handle(Object(Illuminate\Http\Request))
#17 C:\Users\Administrator\Documents\QuadCode\server.php(21): require_once('C:\\Users\\Admini...')
#18 {main}  
[2016-09-15 04:04:50] local.ERROR: exception 'RuntimeException' with message 'No supported encrypter found. The cipher and / or key length are invalid.' in C:\Users\Administrator\Documents\QuadCode\vendor\laravel\framework\src\Illuminate\Encryption\EncryptionServiceProvider.php:29
Stack trace:
#0 C:\Users\Administrator\Documents\QuadCode\vendor\laravel\framework\src\Illuminate\Container\Container.php(733): Illuminate\Encryption\EncryptionServiceProvider->Illuminate\Encryption\{closure}(Object(Illuminate\Foundation\Application), Array)
#1 C:\Users\Administrator\Documents\QuadCode\vendor\laravel\framework\src\Illuminate\Container\Container.php(626): Illuminate\Container\Container->build(Object(Closure), Array)
#2 C:\Users\Administrator\Documents\QuadCode\vendor\laravel\framework\src\Illuminate\Foundation\Application.php(674): Illuminate\Container\Container->make('encrypter', Array)
#3 C:\Users\Administrator\Documents\QuadCode\vendor\laravel\framework\src\Illuminate\Container\Container.php(837): Illuminate\Foundation\Application->make('Illuminate\\Cont...')
#4 C:\Users\Administrator\Documents\QuadCode\vendor\laravel\framework\src\Illuminate\Container\Container.php(800): Illuminate\Container\Container->resolveClass(Object(ReflectionParameter))
#5 C:\Users\Administrator\Documents\QuadCode\vendor\laravel\framework\src\Illuminate\Container\Container.php(771): Illuminate\Container\Container->getDependencies(Array, Array)
#6 C:\Users\Administrator\Documents\QuadCode\vendor\laravel\framework\src\Illuminate\Container\Container.php(626): Illuminate\Container\Container->build('App\\Http\\Middle...', Array)
#7 C:\Users\Administrator\Documents\QuadCode\vendor\laravel\framework\src\Illuminate\Foundation\Application.php(674): Illuminate\Container\Container->make('App\\Http\\Middle...', Array)
#8 C:\Users\Administrator\Documents\QuadCode\vendor\laravel\framework\src\Illuminate\Foundation\Http\Kernel.php(142): Illuminate\Foundation\Application->make('App\\Http\\Middle...')
#9 C:\Users\Administrator\Documents\QuadCode\public\index.php(58): Illuminate\Foundation\Http\Kernel->terminate(Object(Illuminate\Http\Request), Object(Illuminate\Http\Response))
#10 C:\Users\Administrator\Documents\QuadCode\server.php(21): require_once('C:\\Users\\Admini...')
#11 {main}  
[2016-09-15 04:08:36] local.ERROR: exception 'RuntimeException' with message 'No supported encrypter found. The cipher and / or key length are invalid.' in C:\Users\Administrator\Documents\QuadCode\vendor\laravel\framework\src\Illuminate\Encryption\EncryptionServiceProvider.php:29
Stack trace:
#0 C:\Users\Administrator\Documents\QuadCode\vendor\laravel\framework\src\Illuminate\Container\Container.php(733): Illuminate\Encryption\EncryptionServiceProvider->Illuminate\Encryption\{closure}(Object(Illuminate\Foundation\Application), Array)
#1 C:\Users\Administrator\Documents\QuadCode\vendor\laravel\framework\src\Illuminate\Container\Container.php(626): Illuminate\Container\Container->build(Object(Closure), Array)
#2 C:\Users\Administrator\Documents\QuadCode\vendor\laravel\framework\src\Illuminate\Foundation\Application.php(674): Illuminate\Container\Container->make('encrypter', Array)
#3 C:\Users\Administrator\Documents\QuadCode\vendor\laravel\framework\src\Illuminate\Container\Container.php(837): Illuminate\Foundation\Application->make('Illuminate\\Cont...')
#4 C:\Users\Administrator\Documents\QuadCode\vendor\laravel\framework\src\Illuminate\Container\Container.php(800): Illuminate\Container\Container->resolveClass(Object(ReflectionParameter))
#5 C:\Users\Administrator\Documents\QuadCode\vendor\laravel\framework\src\Illuminate\Container\Container.php(771): Illuminate\Container\Container->getDependencies(Array, Array)
#6 C:\Users\Administrator\Documents\QuadCode\vendor\laravel\framework\src\Illuminate\Container\Container.php(626): Illuminate\Container\Container->build('App\\Http\\Middle...', Array)
#7 C:\Users\Administrator\Documents\QuadCode\vendor\laravel\framework\src\Illuminate\Foundation\Application.php(674): Illuminate\Container\Container->make('App\\Http\\Middle...', Array)
#8 C:\Users\Administrator\Documents\QuadCode\vendor\laravel\framework\src\Illuminate\Pipeline\Pipeline.php(123): Illuminate\Foundation\Application->make('App\\Http\\Middle...')
#9 C:\Users\Administrator\Documents\QuadCode\vendor\laravel\framework\src\Illuminate\Foundation\Http\Middleware\CheckForMaintenanceMode.php(42): Illuminate\Pipeline\Pipeline->Illuminate\Pipeline\{closure}(Object(Illuminate\Http\Request))
#10 [internal function]: Illuminate\Foundation\Http\Middleware\CheckForMaintenanceMode->handle(Object(Illuminate\Http\Request), Object(Closure))
#11 C:\Users\Administrator\Documents\QuadCode\vendor\laravel\framework\src\Illuminate\Pipeline\Pipeline.php(124): call_user_func_array(Array, Array)
#12 [internal function]: Illuminate\Pipeline\Pipeline->Illuminate\Pipeline\{closure}(Object(Illuminate\Http\Request))
#13 C:\Users\Administrator\Documents\QuadCode\vendor\laravel\framework\src\Illuminate\Pipeline\Pipeline.php(103): call_user_func(Object(Closure), Object(Illuminate\Http\Request))
#14 C:\Users\Administrator\Documents\QuadCode\vendor\laravel\framework\src\Illuminate\Foundation\Http\Kernel.php(122): Illuminate\Pipeline\Pipeline->then(Object(Closure))
#15 C:\Users\Administrator\Documents\QuadCode\vendor\laravel\framework\src\Illuminate\Foundation\Http\Kernel.php(87): Illuminate\Foundation\Http\Kernel->sendRequestThroughRouter(Object(Illuminate\Http\Request))
#16 C:\Users\Administrator\Documents\QuadCode\public\index.php(54): Illuminate\Foundation\Http\Kernel->handle(Object(Illuminate\Http\Request))
#17 C:\Users\Administrator\Documents\QuadCode\server.php(21): require_once('C:\\Users\\Admini...')
#18 {main}  
[2016-09-15 04:08:36] local.ERROR: exception 'RuntimeException' with message 'No supported encrypter found. The cipher and / or key length are invalid.' in C:\Users\Administrator\Documents\QuadCode\vendor\laravel\framework\src\Illuminate\Encryption\EncryptionServiceProvider.php:29
Stack trace:
#0 C:\Users\Administrator\Documents\QuadCode\vendor\laravel\framework\src\Illuminate\Container\Container.php(733): Illuminate\Encryption\EncryptionServiceProvider->Illuminate\Encryption\{closure}(Object(Illuminate\Foundation\Application), Array)
#1 C:\Users\Administrator\Documents\QuadCode\vendor\laravel\framework\src\Illuminate\Container\Container.php(626): Illuminate\Container\Container->build(Object(Closure), Array)
#2 C:\Users\Administrator\Documents\QuadCode\vendor\laravel\framework\src\Illuminate\Foundation\Application.php(674): Illuminate\Container\Container->make('encrypter', Array)
#3 C:\Users\Administrator\Documents\QuadCode\vendor\laravel\framework\src\Illuminate\Container\Container.php(837): Illuminate\Foundation\Application->make('Illuminate\\Cont...')
#4 C:\Users\Administrator\Documents\QuadCode\vendor\laravel\framework\src\Illuminate\Container\Container.php(800): Illuminate\Container\Container->resolveClass(Object(ReflectionParameter))
#5 C:\Users\Administrator\Documents\QuadCode\vendor\laravel\framework\src\Illuminate\Container\Container.php(771): Illuminate\Container\Container->getDependencies(Array, Array)
#6 C:\Users\Administrator\Documents\QuadCode\vendor\laravel\framework\src\Illuminate\Container\Container.php(626): Illuminate\Container\Container->build('App\\Http\\Middle...', Array)
#7 C:\Users\Administrator\Documents\QuadCode\vendor\laravel\framework\src\Illuminate\Foundation\Application.php(674): Illuminate\Container\Container->make('App\\Http\\Middle...', Array)
#8 C:\Users\Administrator\Documents\QuadCode\vendor\laravel\framework\src\Illuminate\Foundation\Http\Kernel.php(142): Illuminate\Foundation\Application->make('App\\Http\\Middle...')
#9 C:\Users\Administrator\Documents\QuadCode\public\index.php(58): Illuminate\Foundation\Http\Kernel->terminate(Object(Illuminate\Http\Request), Object(Illuminate\Http\Response))
#10 C:\Users\Administrator\Documents\QuadCode\server.php(21): require_once('C:\\Users\\Admini...')
#11 {main}  
[2016-09-15 04:16:11] local.ERROR: exception 'InvalidArgumentException' with message 'Database [mysql] not configured.' in C:\Users\Administrator\Documents\QuadCode\vendor\laravel\framework\src\Illuminate\Database\DatabaseManager.php:238
Stack trace:
#0 C:\Users\Administrator\Documents\QuadCode\vendor\laravel\framework\src\Illuminate\Database\DatabaseManager.php(157): Illuminate\Database\DatabaseManager->getConfig('mysql')
#1 C:\Users\Administrator\Documents\QuadCode\vendor\laravel\framework\src\Illuminate\Database\DatabaseManager.php(67): Illuminate\Database\DatabaseManager->makeConnection('mysql')
#2 C:\Users\Administrator\Documents\QuadCode\vendor\laravel\framework\src\Illuminate\Database\Eloquent\Model.php(3209): Illuminate\Database\DatabaseManager->connection(NULL)
#3 C:\Users\Administrator\Documents\QuadCode\vendor\laravel\framework\src\Illuminate\Database\Eloquent\Model.php(3175): Illuminate\Database\Eloquent\Model::resolveConnection(NULL)
#4 C:\Users\Administrator\Documents\QuadCode\vendor\laravel\framework\src\Illuminate\Database\Eloquent\Model.php(1908): Illuminate\Database\Eloquent\Model->getConnection()
#5 C:\Users\Administrator\Documents\QuadCode\vendor\laravel\framework\src\Illuminate\Database\Eloquent\Model.php(1851): Illuminate\Database\Eloquent\Model->newBaseQueryBuilder()
#6 C:\Users\Administrator\Documents\QuadCode\vendor\laravel\framework\src\Illuminate\Database\Eloquent\Model.php(1825): Illuminate\Database\Eloquent\Model->newQueryWithoutScopes()
#7 C:\Users\Administrator\Documents\QuadCode\vendor\laravel\framework\src\Illuminate\Auth\EloquentUserProvider.php(92): Illuminate\Database\Eloquent\Model->newQuery()
#8 C:\Users\Administrator\Documents\QuadCode\vendor\laravel\framework\src\Illuminate\Auth\Guard.php(365): Illuminate\Auth\EloquentUserProvider->retrieveByCredentials(Array)
#9 [internal function]: Illuminate\Auth\Guard->attempt(Array, false)
#10 C:\Users\Administrator\Documents\QuadCode\vendor\laravel\framework\src\Illuminate\Support\Manager.php(137): call_user_func_array(Array, Array)
#11 C:\Users\Administrator\Documents\QuadCode\vendor\laravel\framework\src\Illuminate\Support\Facades\Facade.php(213): Illuminate\Support\Manager->__call('attempt', Array)
#12 C:\Users\Administrator\Documents\QuadCode\vendor\laravel\framework\src\Illuminate\Support\Facades\Facade.php(213): Illuminate\Auth\AuthManager->attempt(Array, false)
#13 C:\Users\Administrator\Documents\QuadCode\vendor\laravel\framework\src\Illuminate\Foundation\Auth\AuthenticatesUsers.php(62): Illuminate\Support\Facades\Facade::__callStatic('attempt', Array)
#14 C:\Users\Administrator\Documents\QuadCode\vendor\laravel\framework\src\Illuminate\Foundation\Auth\AuthenticatesUsers.php(62): Illuminate\Support\Facades\Auth::attempt(Array, false)
#15 [internal function]: App\Http\Controllers\Auth\AuthController->postLogin(Object(Illuminate\Http\Request))
#16 C:\Users\Administrator\Documents\QuadCode\vendor\laravel\framework\src\Illuminate\Routing\Controller.php(256): call_user_func_array(Array, Array)
#17 C:\Users\Administrator\Documents\QuadCode\vendor\laravel\framework\src\Illuminate\Routing\ControllerDispatcher.php(164): Illuminate\Routing\Controller->callAction('postLogin', Array)
#18 C:\Users\Administrator\Documents\QuadCode\vendor\laravel\framework\src\Illuminate\Routing\ControllerDispatcher.php(112): Illuminate\Routing\ControllerDispatcher->call(Object(App\Http\Controllers\Auth\AuthController), Object(Illuminate\Routing\Route), 'postLogin')
#19 [internal function]: Illuminate\Routing\ControllerDispatcher->Illuminate\Routing\{closure}(Object(Illuminate\Http\Request))
#20 C:\Users\Administrator\Documents\QuadCode\vendor\laravel\framework\src\Illuminate\Pipeline\Pipeline.php(139): call_user_func(Object(Closure), Object(Illuminate\Http\Request))
#21 C:\Users\Administrator\Documents\QuadCode\app\Http\Middleware\RedirectIfAuthenticated.php(41): Illuminate\Pipeline\Pipeline->Illuminate\Pipeline\{closure}(Object(Illuminate\Http\Request))
#22 [internal function]: App\Http\Middleware\RedirectIfAuthenticated->handle(Object(Illuminate\Http\Request), Object(Closure))
#23 C:\Users\Administrator\Documents\QuadCode\vendor\laravel\framework\src\Illuminate\Pipeline\Pipeline.php(124): call_user_func_array(Array, Array)
#24 [internal function]: Illuminate\Pipeline\Pipeline->Illuminate\Pipeline\{closure}(Object(Illuminate\Http\Request))
#25 C:\Users\Administrator\Documents\QuadCode\vendor\laravel\framework\src\Illuminate\Pipeline\Pipeline.php(103): call_user_func(Object(Closure), Object(Illuminate\Http\Request))
#26 C:\Users\Administrator\Documents\QuadCode\vendor\laravel\framework\src\Illuminate\Routing\ControllerDispatcher.php(114): Illuminate\Pipeline\Pipeline->then(Object(Closure))
#27 C:\Users\Administrator\Documents\QuadCode\vendor\laravel\framework\src\Illuminate\Routing\ControllerDispatcher.php(69): Illuminate\Routing\ControllerDispatcher->callWithinStack(Object(App\Http\Controllers\Auth\AuthController), Object(Illuminate\Routing\Route), Object(Illuminate\Http\Request), 'postLogin')
#28 C:\Users\Administrator\Documents\QuadCode\vendor\laravel\framework\src\Illuminate\Routing\Route.php(201): Illuminate\Routing\ControllerDispatcher->dispatch(Object(Illuminate\Routing\Route), Object(Illuminate\Http\Request), 'App\\Http\\Contro...', 'postLogin')
#29 C:\Users\Administrator\Documents\QuadCode\vendor\laravel\framework\src\Illuminate\Routing\Route.php(134): Illuminate\Routing\Route->runWithCustomDispatcher(Object(Illuminate\Http\Request))
#30 C:\Users\Administrator\Documents\QuadCode\vendor\laravel\framework\src\Illuminate\Routing\Router.php(704): Illuminate\Routing\Route->run(Object(Illuminate\Http\Request))
#31 [internal function]: Illuminate\Routing\Router->Illuminate\Routing\{closure}(Object(Illuminate\Http\Request))
#32 C:\Users\Administrator\Documents\QuadCode\vendor\laravel\framework\src\Illuminate\Pipeline\Pipeline.php(139): call_user_func(Object(Closure), Object(Illuminate\Http\Request))
#33 [internal function]: Illuminate\Pipeline\Pipeline->Illuminate\Pipeline\{closure}(Object(Illuminate\Http\Request))
#34 C:\Users\Administrator\Documents\QuadCode\vendor\laravel\framework\src\Illuminate\Pipeline\Pipeline.php(103): call_user_func(Object(Closure), Object(Illuminate\Http\Request))
#35 C:\Users\Administrator\Documents\QuadCode\vendor\laravel\framework\src\Illuminate\Routing\Router.php(706): Illuminate\Pipeline\Pipeline->then(Object(Closure))
#36 C:\Users\Administrator\Documents\QuadCode\vendor\laravel\framework\src\Illuminate\Routing\Router.php(671): Illuminate\Routing\Router->runRouteWithinStack(Object(Illuminate\Routing\Route), Object(Illuminate\Http\Request))
#37 C:\Users\Administrator\Documents\QuadCode\vendor\laravel\framework\src\Illuminate\Routing\Router.php(631): Illuminate\Routing\Router->dispatchToRoute(Object(Illuminate\Http\Request))
#38 C:\Users\Administrator\Documents\QuadCode\vendor\laravel\framework\src\Illuminate\Foundation\Http\Kernel.php(236): Illuminate\Routing\Router->dispatch(Object(Illuminate\Http\Request))
#39 [internal function]: Illuminate\Foundation\Http\Kernel->Illuminate\Foundation\Http\{closure}(Object(Illuminate\Http\Request))
#40 C:\Users\Administrator\Documents\QuadCode\vendor\laravel\framework\src\Illuminate\Pipeline\Pipeline.php(139): call_user_func(Object(Closure), Object(Illuminate\Http\Request))
#41 C:\Users\Administrator\Documents\QuadCode\app\Http\Middleware\VerifyCsrfToken.php(31): Illuminate\Pipeline\Pipeline->Illuminate\Pipeline\{closure}(Object(Illuminate\Http\Request))
#42 [internal function]: App\Http\Middleware\VerifyCsrfToken->handle(Object(Illuminate\Http\Request), Object(Closure))
#43 C:\Users\Administrator\Documents\QuadCode\vendor\laravel\framework\src\Illuminate\Pipeline\Pipeline.php(124): call_user_func_array(Array, Array)
#44 C:\Users\Administrator\Documents\QuadCode\vendor\laravel\framework\src\Illuminate\View\Middleware\ShareErrorsFromSession.php(49): Illuminate\Pipeline\Pipeline->Illuminate\Pipeline\{closure}(Object(Illuminate\Http\Request))
#45 [internal function]: Illuminate\View\Middleware\ShareErrorsFromSession->handle(Object(Illuminate\Http\Request), Object(Closure))
#46 C:\Users\Administrator\Documents\QuadCode\vendor\laravel\framework\src\Illuminate\Pipeline\Pipeline.php(124): call_user_func_array(Array, Array)
#47 C:\Users\Administrator\Documents\QuadCode\vendor\laravel\framework\src\Illuminate\Session\Middleware\StartSession.php(62): Illuminate\Pipeline\Pipeline->Illuminate\Pipeline\{closure}(Object(Illuminate\Http\Request))
#48 [internal function]: Illuminate\Session\Middleware\StartSession->handle(Object(Illuminate\Http\Request), Object(Closure))
#49 C:\Users\Administrator\Documents\QuadCode\vendor\laravel\framework\src\Illuminate\Pipeline\Pipeline.php(124): call_user_func_array(Array, Array)
#50 C:\Users\Administrator\Documents\QuadCode\vendor\laravel\framework\src\Illuminate\Cookie\Middleware\AddQueuedCookiesToResponse.php(37): Illuminate\Pipeline\Pipeline->Illuminate\Pipeline\{closure}(Object(Illuminate\Http\Request))
#51 [internal function]: Illuminate\Cookie\Middleware\AddQueuedCookiesToResponse->handle(Object(Illuminate\Http\Request), Object(Closure))
#52 C:\Users\Administrator\Documents\QuadCode\vendor\laravel\framework\src\Illuminate\Pipeline\Pipeline.php(124): call_user_func_array(Array, Array)
#53 C:\Users\Administrator\Documents\QuadCode\vendor\laravel\framework\src\Illuminate\Cookie\Middleware\EncryptCookies.php(59): Illuminate\Pipeline\Pipeline->Illuminate\Pipeline\{closure}(Object(Illuminate\Http\Request))
#54 [internal function]: Illuminate\Cookie\Middleware\EncryptCookies->handle(Object(Illuminate\Http\Request), Object(Closure))
#55 C:\Users\Administrator\Documents\QuadCode\vendor\laravel\framework\src\Illuminate\Pipeline\Pipeline.php(124): call_user_func_array(Array, Array)
#56 C:\Users\Administrator\Documents\QuadCode\vendor\laravel\framework\src\Illuminate\Foundation\Http\Middleware\CheckForMaintenanceMode.php(42): Illuminate\Pipeline\Pipeline->Illuminate\Pipeline\{closure}(Object(Illuminate\Http\Request))
#57 [internal function]: Illuminate\Foundation\Http\Middleware\CheckForMaintenanceMode->handle(Object(Illuminate\Http\Request), Object(Closure))
#58 C:\Users\Administrator\Documents\QuadCode\vendor\laravel\framework\src\Illuminate\Pipeline\Pipeline.php(124): call_user_func_array(Array, Array)
#59 [internal function]: Illuminate\Pipeline\Pipeline->Illuminate\Pipeline\{closure}(Object(Illuminate\Http\Request))
#60 C:\Users\Administrator\Documents\QuadCode\vendor\laravel\framework\src\Illuminate\Pipeline\Pipeline.php(103): call_user_func(Object(Closure), Object(Illuminate\Http\Request))
#61 C:\Users\Administrator\Documents\QuadCode\vendor\laravel\framework\src\Illuminate\Foundation\Http\Kernel.php(122): Illuminate\Pipeline\Pipeline->then(Object(Closure))
#62 C:\Users\Administrator\Documents\QuadCode\vendor\laravel\framework\src\Illuminate\Foundation\Http\Kernel.php(87): Illuminate\Foundation\Http\Kernel->sendRequestThroughRouter(Object(Illuminate\Http\Request))
#63 C:\Users\Administrator\Documents\QuadCode\public\index.php(54): Illuminate\Foundation\Http\Kernel->handle(Object(Illuminate\Http\Request))
#64 C:\Users\Administrator\Documents\QuadCode\server.php(21): require_once('C:\\Users\\Admini...')
#65 {main}  
[2016-09-15 04:17:59] local.INFO: Email / Phone uniqueness check triggers for Anonymous user :589 {"c":"1"} 
[2016-09-15 04:19:02] local.INFO: Email / Phone uniqueness check triggers for Anonymous user :420 {"c":"1"} 
[2016-09-15 04:19:18] local.INFO: Anonymous user tries to register by posting registration form:673 {"c":"1"} 
[2016-09-15 04:19:18] local.INFO: Validator function called for the anonymous user:673 {"c":"1"} 
[2016-09-15 04:19:18] local.INFO: Create function called for the anonymous user:673 {"c":"1"} 
[2016-09-15 04:19:18] local.INFO: Email / Phone uniqueness check triggers for Anonymous user :673 {"c":"1"} 
[2016-09-15 04:19:19] local.INFO: Anonymous user tries to register by posting registration form:421 {"c":"1"} 
[2016-09-15 04:19:19] local.INFO: Validator function called for the anonymous user:421 {"c":"1"} 
[2016-09-15 04:19:19] local.INFO: Create function called for the anonymous user:421 {"c":"1"} 
[2016-09-15 04:19:19] local.INFO: Email / Phone uniqueness check triggers for Anonymous user :421 {"c":"1"} 
[2016-09-15 04:19:25] local.INFO: Email / Phone uniqueness check triggers for Anonymous user :277 {"c":"1"} 
[2016-09-15 04:19:28] local.INFO: Email / Phone uniqueness check triggers for Anonymous user :947 {"c":"1"} 
[2016-09-15 04:19:50] local.INFO: Email / Phone uniqueness check triggers for Anonymous user :928 {"c":"1"} 
[2016-09-15 04:20:05] local.INFO: User visits individual buyer page:836 {"c":"1"} 
[2016-09-15 04:20:10] local.INFO: User selected an option BUYER / SELLER temporary:836 {"c":"1"} 
[2016-09-15 04:20:11] local.INFO: Seller has viewed seller individual registration page:836 {"c":"1"} 
[2016-09-15 04:22:13] local.INFO: User has submitted seller individual registration form:836 {"c":"1"} 
[2016-09-15 04:22:13] local.INFO: User selected an option BUYER / SELLER:836 {"c":"1"} 
[2016-09-15 04:22:13] local.INFO: User has submitted seller individual registration form:836 {"c":"1"} 
[2016-09-15 04:22:14] local.INFO: Seller has been successfully redirected to Payment Page:836 {"c":"1"} 
[2016-09-15 04:22:23] local.INFO: Seller has confirmed the payment:836 {"c":"1"} 
[2016-09-15 04:23:12] local.INFO: Seller search for buyers what was created by seller: 836 {"c":"1"} 
[2016-09-15 04:25:28] local.INFO: Seller has viewed Order List page:836 {"c":"1"} 
[2016-09-15 04:25:43] local.INFO: Community Landing Home page:836 {"c":"1"} 
[2016-09-15 04:25:51] local.INFO: Community Individual Search:836 {"c":"1"} 
[2016-09-15 04:25:54] local.INFO: Community Organization Search:836 {"c":"1"} 
[2016-09-15 04:25:56] local.INFO: Community Group Search:836 {"c":"1"} 
[2016-09-15 04:25:59] local.INFO: Community Landing Home page:836 {"c":"1"} 
[2016-09-15 04:27:24] local.INFO: Seller has viewed Order List page:836 {"c":"1"} 
[2016-09-15 04:27:38] local.INFO: get seller posts list while seller creating post:836 {"c":"1"} 
[2016-09-15 04:27:44] local.INFO: Seller has viewed Order List page:836 {"c":"1"} 
[2016-09-15 04:31:17] local.INFO: get seller posts list while seller creating post:836 {"c":"1"} 
[2016-09-15 04:31:23] local.INFO: Seller has viewed Order List page:836 {"c":"1"} 
[2016-09-15 04:36:06] local.INFO: Vehicle Listing is initiated by user: 836 {"c":"1"} 
[2016-09-15 04:36:11] local.INFO: Vehicle Create is initiated by user: 836 {"c":"1"} 
[2016-09-15 04:36:53] local.INFO: Chasis uniqueness check for  user :836 {"c":"1"} 
[2016-09-15 04:37:18] local.INFO: Vehicle Create is initiated by user: 836 {"c":"1"} 
[2016-09-15 04:38:06] local.INFO: Chasis uniqueness check for  user :836 {"c":"1"} 
[2016-09-15 04:38:23] local.INFO: Vehicle Create is initiated by user: 836 {"c":"1"} 
[2016-09-15 04:38:24] local.INFO: Vehicle Listing is initiated by user: 836 {"c":"1"} 
[2016-09-15 04:38:28] local.INFO: Vehicle Listing is initiated by user: 836 {"c":"1"} 
[2016-09-15 04:38:56] local.INFO: Vehicle Create is initiated by user: 836 {"c":"1"} 
[2016-09-15 04:39:24] local.INFO: Chasis uniqueness check for  user :836 {"c":"1"} 
[2016-09-15 04:39:28] local.INFO: Engine uniqueness check for  user :836 {"c":"1"} 
[2016-09-15 04:39:39] local.INFO: Vehicle Create is initiated by user: 836 {"c":"1"} 
[2016-09-15 04:39:40] local.INFO: Vehicle Listing is initiated by user: 836 {"c":"1"} 
[2016-09-15 04:40:46] local.INFO: Vehicle Create is initiated by user: 836 {"c":"1"} 
[2016-09-15 05:06:19] local.INFO: Vehicle Create is initiated by user: 836 {"c":"1"} 
[2016-09-15 05:07:12] local.INFO: Vehicle Create is initiated by user: 836 {"c":"1"} 
[2016-09-15 05:07:18] local.INFO: Vehicle Create is initiated by user: 836 {"c":"1"} 
[2016-09-15 05:10:30] local.INFO: Vehicle Create is initiated by user: 836 {"c":"1"} 
[2016-09-15 05:11:49] local.INFO: Vehicle Create is initiated by user: 836 {"c":"1"} 
[2016-09-15 05:13:43] local.INFO: Vehicle Create is initiated by user: 836 {"c":"1"} 
[2016-09-15 05:56:35] local.INFO: Vehicle Create is initiated by user: 836 {"c":"1"} 
[2016-09-15 05:56:56] local.INFO: Vehicle Create is initiated by user: 836 {"c":"1"} 
[2016-09-15 05:58:19] local.INFO: Vehicle Create is initiated by user: 836 {"c":"1"} 
